Unity Editor version:    2022.3.4f1 (35713cd46cd7)
Branch:                  2022.3/staging
Build type:              Release
Batch mode:              YES
macOS version:           Version 13.1 (Build 22C65)
Darwin version:          22.2.0
Architecture:            arm64
Running under Rosetta:   NO
Available memory:        16384 MB

The following diagnostic switches are modified from their default values:
	ProfileOpenCLJobs: False (default True)

Using pre-set license
Pro License: YES

COMMAND LINE ARGUMENTS:
/Applications/Unity/Hub/Editor/2022.3.4f1/Unity.app/Contents/MacOS/Unity
-adb2
-batchMode
-noUpm
-name
AssetImportWorker0
-projectPath
/Users/talhatoprak/Desktop/Learn/DesingPatterns/Command/Patterns
-logFile
Logs/AssetImportWorker0.log
-srvPort
53289
Successfully changed project path to: /Users/talhatoprak/Desktop/Learn/DesingPatterns/Command/Patterns
/Users/talhatoprak/Desktop/Learn/DesingPatterns/Command/Patterns
[UnityMemory] Configuration Parameters - Can be set up in boot.config
    "memorysetup-bucket-allocator-granularity=16"
    "memorysetup-bucket-allocator-bucket-count=8"
    "memorysetup-bucket-allocator-block-size=33554432"
    "memorysetup-bucket-allocator-block-count=8"
    "memorysetup-main-allocator-block-size=16777216"
    "memorysetup-thread-allocator-block-size=16777216"
    "memorysetup-gfx-main-allocator-block-size=16777216"
    "memorysetup-gfx-thread-allocator-block-size=16777216"
    "memorysetup-cache-allocator-block-size=4194304"
    "memorysetup-typetree-allocator-block-size=2097152"
    "memorysetup-profiler-bucket-allocator-granularity=16"
    "memorysetup-profiler-bucket-allocator-bucket-count=8"
    "memorysetup-profiler-bucket-allocator-block-size=33554432"
    "memorysetup-profiler-bucket-allocator-block-count=8"
    "memorysetup-profiler-allocator-block-size=16777216"
    "memorysetup-profiler-editor-allocator-block-size=1048576"
    "memorysetup-temp-allocator-size-main=16777216"
    "memorysetup-job-temp-allocator-block-size=2097152"
    "memorysetup-job-temp-allocator-block-size-background=1048576"
    "memorysetup-job-temp-allocator-reduction-small-platforms=262144"
    "memorysetup-allocator-temp-initial-block-size-main=262144"
    "memorysetup-allocator-temp-initial-block-size-worker=262144"
    "memorysetup-temp-allocator-size-background-worker=32768"
    "memorysetup-temp-allocator-size-job-worker=262144"
    "memorysetup-temp-allocator-size-preload-manager=33554432"
    "memorysetup-temp-allocator-size-nav-mesh-worker=65536"
    "memorysetup-temp-allocator-size-audio-worker=65536"
    "memorysetup-temp-allocator-size-cloud-worker=32768"
    "memorysetup-temp-allocator-size-gi-baking-worker=262144"
    "memorysetup-temp-allocator-size-gfx=262144"
Player connection [8793160320] Host "[IP] 10.249.1.112 [Port] 0 [Flags] 2 [Guid] 4040543700 [EditorId] 4040543700 [Version] 1048832 [Id] OSXEditor(0,Talha-MacBook-Pro.local) [Debug] 1 [PackageName] OSXEditor [ProjectName] Editor" joined multi-casting on [225.0.0.222:54997]...

Player connection [8793160320] Host "[IP] 10.249.1.112 [Port] 0 [Flags] 2 [Guid] 4040543700 [EditorId] 4040543700 [Version] 1048832 [Id] OSXEditor(0,Talha-MacBook-Pro.local) [Debug] 1 [PackageName] OSXEditor [ProjectName] Editor" joined alternative multi-casting on [225.0.0.222:34997]...

Refreshing native plugins compatible for Editor in 3.67 ms, found 2 plugins.
Preloading 0 native plugins for Editor in 0.00 ms.
Initialize engine version: 2022.3.4f1 (35713cd46cd7)
[Subsystems] Discovering subsystems at path /Applications/Unity/Hub/Editor/2022.3.4f1/Unity.app/Contents/Resources/UnitySubsystems
[Subsystems] Discovering subsystems at path /Users/talhatoprak/Desktop/Learn/DesingPatterns/Command/Patterns/Assets
GfxDevice: creating device client; threaded=0; jobified=0
 preferred device: Apple M1 Pro (high power)
Metal devices available: 1
0: Apple M1 Pro (high power)
Using device Apple M1 Pro (high power)
Initializing Metal device caps: Apple M1 Pro
Initialize mono
Mono path[0] = '/Applications/Unity/Hub/Editor/2022.3.4f1/Unity.app/Contents/Managed'
Mono path[1] = '/Applications/Unity/Hub/Editor/2022.3.4f1/Unity.app/Contents/MonoBleedingEdge/lib/mono/unityjit-macos'
Mono config path = '/Applications/Unity/Hub/Editor/2022.3.4f1/Unity.app/Contents/MonoBleedingEdge/etc'
Using monoOptions --debugger-agent=transport=dt_socket,embedding=1,server=y,suspend=n,address=127.0.0.1:56168
Begin MonoManager ReloadAssembly
Registering precompiled unity dll's ...
Register platform support module: /Applications/Unity/Hub/Editor/2022.3.4f1/Unity.app/Contents/PlaybackEngines/MacStandaloneSupport/UnityEditor.OSXStandalone.Extensions.dll
Registered in 0.000829 seconds.
- Loaded All Assemblies, in  0.186 seconds
Native extension for OSXStandalone target not found
Diagnostic switches are active and may impact performance or degrade your user experience. Switches can be configured through the Diagnostics section in the Preferences window.
	ProfileOpenCLJobs: False
Mono: successfully reloaded assembly
- Finished resetting the current domain, in  0.151 seconds
Domain Reload Profiling: 337ms
	BeginReloadAssembly (41ms)
		ExecutionOrderSort (0ms)
		DisableScriptedObjects (0ms)
		BackupInstance (0ms)
		ReleaseScriptingObjects (0ms)
		CreateAndSetChildDomain (0ms)
	RebuildCommonClasses (22ms)
	RebuildNativeTypeToScriptingClass (8ms)
	initialDomainReloadingComplete (29ms)
	LoadAllAssembliesAndSetupDomain (87ms)
		LoadAssemblies (40ms)
		RebuildTransferFunctionScriptingTraits (0ms)
		AnalyzeDomain (85ms)
			TypeCache.Refresh (85ms)
				TypeCache.ScanAssembly (78ms)
			ScanForSourceGeneratedMonoScriptInfo (0ms)
			ResolveRequiredComponents (0ms)
	FinalizeReload (151ms)
		ReleaseScriptCaches (0ms)
		RebuildScriptCaches (0ms)
		SetupLoadedEditorAssemblies (113ms)
			LogAssemblyErrors (0ms)
			InitializePlatformSupportModulesInManaged (4ms)
			SetLoadedEditorAssemblies (5ms)
			RefreshPlugins (0ms)
			BeforeProcessingInitializeOnLoad (1ms)
			ProcessInitializeOnLoadAttributes (76ms)
			ProcessInitializeOnLoadMethodAttributes (28ms)
			AfterProcessingInitializeOnLoad (0ms)
			EditorAssembliesLoaded (0ms)
		ExecutionOrderSort2 (0ms)
		AwakeInstancesAfterBackupRestoration (0ms)
========================================================================
Worker process is ready to serve import requests
Begin MonoManager ReloadAssembly
Symbol file LoadedFromMemory doesn't match image /Users/talhatoprak/Desktop/Learn/DesingPatterns/Command/Patterns/Library/PackageCache/com.unity.visualscripting@1.8.0/Editor/VisualScripting.Core/Dependencies/YamlDotNet/Unity.VisualScripting.YamlDotNet.dll
Symbol file LoadedFromMemory doesn't match image /Users/talhatoprak/Desktop/Learn/DesingPatterns/Command/Patterns/Library/PackageCache/com.unity.visualscripting@1.8.0/Editor/VisualScripting.Core/Dependencies/DotNetZip/Unity.VisualScripting.IonicZip.dll
- Loaded All Assemblies, in  0.459 seconds
Refreshing native plugins compatible for Editor in 1.79 ms, found 2 plugins.
Native extension for OSXStandalone target not found
Package Manager log level set to [2]
[Package Manager] Server::EnsureServerProcessIsRunning -- launch failed, reason: Unity was launched with the -noUpm command-line argument
[Package Manager] UpmClient::Send -- Unable to send message (not connected to UPM process).
[Package Manager] Cannot connect to Unity Package Manager local server
Launching external process: /Applications/Unity/Hub/Editor/2022.3.4f1/Unity.app/Contents/Tools/UnityShaderCompiler
Launched and connected shader compiler UnityShaderCompiler after 0.05 seconds
Diagnostic switches are active and may impact performance or degrade your user experience. Switches can be configured through the Diagnostics section in the Preferences window.
	ProfileOpenCLJobs: False
Mono: successfully reloaded assembly
- Finished resetting the current domain, in  0.542 seconds
Domain Reload Profiling: 1002ms
	BeginReloadAssembly (70ms)
		ExecutionOrderSort (0ms)
		DisableScriptedObjects (3ms)
		BackupInstance (0ms)
		ReleaseScriptingObjects (0ms)
		CreateAndSetChildDomain (15ms)
	RebuildCommonClasses (22ms)
	RebuildNativeTypeToScriptingClass (8ms)
	initialDomainReloadingComplete (24ms)
	LoadAllAssembliesAndSetupDomain (336ms)
		LoadAssemblies (159ms)
		RebuildTransferFunctionScriptingTraits (0ms)
		AnalyzeDomain (206ms)
			TypeCache.Refresh (196ms)
				TypeCache.ScanAssembly (188ms)
			ScanForSourceGeneratedMonoScriptInfo (7ms)
			ResolveRequiredComponents (3ms)
	FinalizeReload (542ms)
		ReleaseScriptCaches (0ms)
		RebuildScriptCaches (0ms)
		SetupLoadedEditorAssemblies (440ms)
			LogAssemblyErrors (0ms)
			InitializePlatformSupportModulesInManaged (2ms)
			SetLoadedEditorAssemblies (3ms)
			RefreshPlugins (0ms)
			BeforeProcessingInitializeOnLoad (29ms)
			ProcessInitializeOnLoadAttributes (219ms)
			ProcessInitializeOnLoadMethodAttributes (185ms)
			AfterProcessingInitializeOnLoad (1ms)
			EditorAssembliesLoaded (0ms)
		ExecutionOrderSort2 (0ms)
		AwakeInstancesAfterBackupRestoration (13ms)
Refreshing native plugins compatible for Editor in 1.32 ms, found 2 plugins.
Preloading 0 native plugins for Editor in 0.00 ms.
Unloading 3083 Unused Serialized files (Serialized files now loaded: 0)
Unloading 42 unused Assets / (51.5 KB). Loaded Objects now: 3600.
Memory consumption went from 135.8 MB to 135.7 MB.
Total: 10.319125 ms (FindLiveObjects: 0.086750 ms CreateObjectMapping: 0.035000 ms MarkObjects: 10.111875 ms  DeleteObjects: 0.084791 ms)

AssetImportParameters requested are different than current active one (requested -> active):
  custom:container-demuxer-ogg: 62fdf1f143b41e24485cea50d1cbac27 -> 
  custom:video-decoder-ogg-theora: a1e56fd34408186e4bbccfd4996cb3dc -> 
  custom:CustomObjectIndexerAttribute: 756ad292c208cfabdd7b50bc23989ffe -> 
  custom:container-demuxer-webm: 4f35f7cbe854078d1ac9338744f61a02 -> 
  custom:container-muxer-webm: aa71ff27fc2769a1b78a27578f13a17b -> 
  custom:video-decoder-webm-vp8: 9c59270c3fd7afecdb556c50c9e8de78 -> 
  custom:AudioImporter_EditorPlatform: 3918e3fc78b5a79bad01e8451be0beb8 -> 
  custom:framework-osx-AVFoundation: e770b220cccbd017edd2c1fefb359320 -> 
  custom:video-encoder-webm-vp8: eb34c28f22e8b96e1ab97ce403110664 -> 
  custom:audio-decoder-ogg-vorbis: bf7c407c2cedff20999df2af8eb42d56 -> 
  custom:audio-encoder-webm-vorbis: bf7c407c2cedff20999df2af8eb42d56 -> 
========================================================================
Received Import Request.
  Time since last request: 1000371.558549 seconds.
  path: Assets/Game/Models
  artifactKey: Guid(9e82113c0e1f342aea3ebf36ea276c38) Importer(815301076,1909f56bfc062723c751e8b465ee728b)
Start importing Assets/Game/Models using Guid(9e82113c0e1f342aea3ebf36ea276c38) Importer(815301076,1909f56bfc062723c751e8b465ee728b)  -> (artifact id: '6e35baeb685c7175399b8d8c89d566e4') in 0.001211 seconds
Number of updated asset objects reloaded before import = 0
Number of asset objects unloaded after import = 0
========================================================================
Received Import Request.
  Time since last request: 0.364208 seconds.
  path: Assets/Game/Models 1
  artifactKey: Guid(5a869486080944963a32e23d230d9acd) Importer(815301076,1909f56bfc062723c751e8b465ee728b)
Start importing Assets/Game/Models 1 using Guid(5a869486080944963a32e23d230d9acd) Importer(815301076,1909f56bfc062723c751e8b465ee728b)  -> (artifact id: 'fb59ea634949d2baec5097f5439ae0df') in 0.000312 seconds
Number of updated asset objects reloaded before import = 0
Number of asset objects unloaded after import = 0
========================================================================
Received Import Request.
  Time since last request: 0.133405 seconds.
  path: Assets/Game/Models 2
  artifactKey: Guid(d17d0aeeec56a4064a3ad068c7cd3c60) Importer(815301076,1909f56bfc062723c751e8b465ee728b)
Start importing Assets/Game/Models 2 using Guid(d17d0aeeec56a4064a3ad068c7cd3c60) Importer(815301076,1909f56bfc062723c751e8b465ee728b)  -> (artifact id: '37c27176556b8e582c6942b0253a001b') in 0.000313 seconds
Number of updated asset objects reloaded before import = 0
Number of asset objects unloaded after import = 0
========================================================================
Received Import Request.
  Time since last request: 0.172935 seconds.
  path: Assets/Game/Models 3
  artifactKey: Guid(f3ce61b6df17e4852813d657bb0d266a) Importer(815301076,1909f56bfc062723c751e8b465ee728b)
Start importing Assets/Game/Models 3 using Guid(f3ce61b6df17e4852813d657bb0d266a) Importer(815301076,1909f56bfc062723c751e8b465ee728b)  -> (artifact id: '9f9f918c7ca615a6d69a6392a72e723c') in 0.000308 seconds
Number of updated asset objects reloaded before import = 0
Number of asset objects unloaded after import = 0
========================================================================
Received Import Request.
  Time since last request: 3.922502 seconds.
  path: Assets/Game/Animations
  artifactKey: Guid(5a869486080944963a32e23d230d9acd) Importer(815301076,1909f56bfc062723c751e8b465ee728b)
Start importing Assets/Game/Animations using Guid(5a869486080944963a32e23d230d9acd) Importer(815301076,1909f56bfc062723c751e8b465ee728b)  -> (artifact id: '3f442fffbbcd6801ddd42068e83b80f9') in 0.000270 seconds
Number of updated asset objects reloaded before import = 0
Number of asset objects unloaded after import = 0
========================================================================
Received Import Request.
  Time since last request: 5.433974 seconds.
  path: Assets/Game/Prefabs
  artifactKey: Guid(d17d0aeeec56a4064a3ad068c7cd3c60) Importer(815301076,1909f56bfc062723c751e8b465ee728b)
Start importing Assets/Game/Prefabs using Guid(d17d0aeeec56a4064a3ad068c7cd3c60) Importer(815301076,1909f56bfc062723c751e8b465ee728b)  -> (artifact id: '3e0ec5ce36ec23c534989bbbf962640c') in 0.000275 seconds
Number of updated asset objects reloaded before import = 0
Number of asset objects unloaded after import = 0
========================================================================
Received Import Request.
  Time since last request: 3.346723 seconds.
  path: Assets/Game/Scrips
  artifactKey: Guid(f3ce61b6df17e4852813d657bb0d266a) Importer(815301076,1909f56bfc062723c751e8b465ee728b)
Start importing Assets/Game/Scrips using Guid(f3ce61b6df17e4852813d657bb0d266a) Importer(815301076,1909f56bfc062723c751e8b465ee728b)  -> (artifact id: '73679ac2923ea1a798878a55400bd14c') in 0.000269 seconds
Number of updated asset objects reloaded before import = 0
Number of asset objects unloaded after import = 0
========================================================================
Received Import Request.
  Time since last request: 6.723491 seconds.
  path: Assets/Game/Scripts
  artifactKey: Guid(f3ce61b6df17e4852813d657bb0d266a) Importer(815301076,1909f56bfc062723c751e8b465ee728b)
Start importing Assets/Game/Scripts using Guid(f3ce61b6df17e4852813d657bb0d266a) Importer(815301076,1909f56bfc062723c751e8b465ee728b)  -> (artifact id: '4f8efcac382cf33c321491cdbfa3ff98') in 0.000273 seconds
Number of updated asset objects reloaded before import = 0
Number of asset objects unloaded after import = 0
========================================================================
Received Import Request.
  Time since last request: 19.715429 seconds.
  path: Assets/Game/Models/Aj.fbx
  artifactKey: Guid(cf0d385a8a5564def9b106a614a04fcf) Importer(815301076,1909f56bfc062723c751e8b465ee728b)
Start importing Assets/Game/Models/Aj.fbx using Guid(cf0d385a8a5564def9b106a614a04fcf) Importer(815301076,1909f56bfc062723c751e8b465ee728b)  -> (artifact id: '909b08028bd30ce6bdce4aaa9a1d034b') in 0.601093 seconds
Number of updated asset objects reloaded before import = 0
Number of asset objects unloaded after import = 194
========================================================================
Received Import Request.
  Time since last request: 0.000060 seconds.
  path: Assets/Game/Models/Standing Up.fbx
  artifactKey: Guid(5a885ceb4be9b4e32832859bd2d41054) Importer(815301076,1909f56bfc062723c751e8b465ee728b)
Start importing Assets/Game/Models/Standing Up.fbx using Guid(5a885ceb4be9b4e32832859bd2d41054) Importer(815301076,1909f56bfc062723c751e8b465ee728b)  -> (artifact id: 'f968131079c3c626af9cf67c5f4cc5a0') in 0.034971 seconds
Number of updated asset objects reloaded before import = 0
Number of asset objects unloaded after import = 194
========================================================================
Received Import Request.
  Time since last request: 0.000041 seconds.
  path: Assets/Game/Models/Great Sword Slash.fbx
  artifactKey: Guid(58d942f4bb8b44e308670036713dbaab) Importer(815301076,1909f56bfc062723c751e8b465ee728b)
Start importing Assets/Game/Models/Great Sword Slash.fbx using Guid(58d942f4bb8b44e308670036713dbaab) Importer(815301076,1909f56bfc062723c751e8b465ee728b)  -> (artifact id: '216916b5663f9a0d4740b142a9d3ee19') in 0.033422 seconds
Number of updated asset objects reloaded before import = 0
Number of asset objects unloaded after import = 194
========================================================================
Received Import Request.
  Time since last request: 0.000040 seconds.
  path: Assets/Game/Models/Jump Attack.fbx
  artifactKey: Guid(3819cf380421a4531a0ae9296fb84573) Importer(815301076,1909f56bfc062723c751e8b465ee728b)
Start importing Assets/Game/Models/Jump Attack.fbx using Guid(3819cf380421a4531a0ae9296fb84573) Importer(815301076,1909f56bfc062723c751e8b465ee728b)  -> (artifact id: 'b33142314a185366f184230459b11b5e') in 0.032723 seconds
Number of updated asset objects reloaded before import = 0
Number of asset objects unloaded after import = 194
========================================================================
Received Import Request.
  Time since last request: 50.647900 seconds.
  path: Assets/Game/Animations/New Folder
  artifactKey: Guid(fdb3c7ca4850b49b781f982b603c3f08) Importer(815301076,1909f56bfc062723c751e8b465ee728b)
Start importing Assets/Game/Animations/New Folder using Guid(fdb3c7ca4850b49b781f982b603c3f08) Importer(815301076,1909f56bfc062723c751e8b465ee728b)  -> (artifact id: '96d02a2749dd1704d53051e7e6c2d308') in 0.000392 seconds
Number of updated asset objects reloaded before import = 0
Number of asset objects unloaded after import = 0
========================================================================
Received Import Request.
  Time since last request: 8.137683 seconds.
  path: Assets/Game/Animations/Player.controller
  artifactKey: Guid(96d1cb60d017641e58389ee94ad74bcc) Importer(815301076,1909f56bfc062723c751e8b465ee728b)
Start importing Assets/Game/Animations/Player.controller using Guid(96d1cb60d017641e58389ee94ad74bcc) Importer(815301076,1909f56bfc062723c751e8b465ee728b)  -> (artifact id: 'a1f91446be2e16e3ee5daa575c1ea595') in 0.001305 seconds
Number of updated asset objects reloaded before import = 0
Number of asset objects unloaded after import = 1
========================================================================
Received Import Request.
  Time since last request: 0.802236 seconds.
  path: Assets/Game/Animations/Player.controller
  artifactKey: Guid(96d1cb60d017641e58389ee94ad74bcc) Importer(815301076,1909f56bfc062723c751e8b465ee728b)
Start importing Assets/Game/Animations/Player.controller using Guid(96d1cb60d017641e58389ee94ad74bcc) Importer(815301076,1909f56bfc062723c751e8b465ee728b)  -> (artifact id: '70e498ba0819a18f32cbab00a0f22e30') in 0.000751 seconds
Number of updated asset objects reloaded before import = 0
Number of asset objects unloaded after import = 2
========================================================================
Received Import Request.
  Time since last request: 8.807365 seconds.
  path: Assets/Game/Models/Idle.fbx
  artifactKey: Guid(cf0d385a8a5564def9b106a614a04fcf) Importer(815301076,1909f56bfc062723c751e8b465ee728b)
Start importing Assets/Game/Models/Idle.fbx using Guid(cf0d385a8a5564def9b106a614a04fcf) Importer(815301076,1909f56bfc062723c751e8b465ee728b)  -> (artifact id: 'df57bf90cc1a52ba578c6b57bd8a2672') in 0.039919 seconds
Number of updated asset objects reloaded before import = 0
Number of asset objects unloaded after import = 194
========================================================================
Received Import Request.
  Time since last request: 3.159941 seconds.
  path: Assets/Game/Models/mixamo.com.anim
  artifactKey: Guid(5f9d65ea87ba44eaca2dcff394d5d721) Importer(815301076,1909f56bfc062723c751e8b465ee728b)
Start importing Assets/Game/Models/mixamo.com.anim using Guid(5f9d65ea87ba44eaca2dcff394d5d721) Importer(815301076,1909f56bfc062723c751e8b465ee728b)  -> (artifact id: '73f30ae78137fb10ef42da018c0d6aa3') in 0.001812 seconds
Number of updated asset objects reloaded before import = 0
Number of asset objects unloaded after import = 1
========================================================================
Received Import Request.
  Time since last request: 3.374563 seconds.
  path: Assets/Game/Models/Idle.anim
  artifactKey: Guid(5f9d65ea87ba44eaca2dcff394d5d721) Importer(815301076,1909f56bfc062723c751e8b465ee728b)
Start importing Assets/Game/Models/Idle.anim using Guid(5f9d65ea87ba44eaca2dcff394d5d721) Importer(815301076,1909f56bfc062723c751e8b465ee728b)  -> (artifact id: 'f87e97132ff5329e98d59cecb4a816b7') in 0.001939 seconds
Number of updated asset objects reloaded before import = 0
Number of asset objects unloaded after import = 1
========================================================================
Received Import Request.
  Time since last request: 4.462059 seconds.
  path: Assets/Game/Models/mixamo.com.anim
  artifactKey: Guid(5a00112c1fdfb4666b91ea43d61730cb) Importer(815301076,1909f56bfc062723c751e8b465ee728b)
Start importing Assets/Game/Models/mixamo.com.anim using Guid(5a00112c1fdfb4666b91ea43d61730cb) Importer(815301076,1909f56bfc062723c751e8b465ee728b)  -> (artifact id: 'da33aa8d88d70a0d7df8444c1b8e511c') in 0.009912 seconds
Number of updated asset objects reloaded before import = 0
Number of asset objects unloaded after import = 1
========================================================================
Received Import Request.
  Time since last request: 9.507692 seconds.
  path: Assets/Game/Models/Drop Kick.anim
  artifactKey: Guid(5a00112c1fdfb4666b91ea43d61730cb) Importer(815301076,1909f56bfc062723c751e8b465ee728b)
Start importing Assets/Game/Models/Drop Kick.anim using Guid(5a00112c1fdfb4666b91ea43d61730cb) Importer(815301076,1909f56bfc062723c751e8b465ee728b)  -> (artifact id: '71f3e17151b0d3109decbc5cb163f66d') in 0.010287 seconds
Number of updated asset objects reloaded before import = 0
Number of asset objects unloaded after import = 1
========================================================================
Received Import Request.
  Time since last request: 4.856372 seconds.
  path: Assets/Game/Models/mixamo.com.anim
  artifactKey: Guid(47503d666038c4ea89ee1867fe4b4a32) Importer(815301076,1909f56bfc062723c751e8b465ee728b)
Start importing Assets/Game/Models/mixamo.com.anim using Guid(47503d666038c4ea89ee1867fe4b4a32) Importer(815301076,1909f56bfc062723c751e8b465ee728b)  -> (artifact id: '97027095c4fad032bad8e56721b820d0') in 0.010016 seconds
Number of updated asset objects reloaded before import = 0
Number of asset objects unloaded after import = 1
========================================================================
Received Import Request.
  Time since last request: 7.944520 seconds.
  path: Assets/Game/Models/Flying Knee Punch Combo.anim
  artifactKey: Guid(47503d666038c4ea89ee1867fe4b4a32) Importer(815301076,1909f56bfc062723c751e8b465ee728b)
Start importing Assets/Game/Models/Flying Knee Punch Combo.anim using Guid(47503d666038c4ea89ee1867fe4b4a32) Importer(815301076,1909f56bfc062723c751e8b465ee728b)  -> (artifact id: '739879fc440ab2996498c66d92d1a373') in 0.010098 seconds
Number of updated asset objects reloaded before import = 0
Number of asset objects unloaded after import = 1
========================================================================
Received Import Request.
  Time since last request: 5.354131 seconds.
  path: Assets/Game/Models/mixamo.com.anim
  artifactKey: Guid(5c131941094e24128a488f2b53a8b320) Importer(815301076,1909f56bfc062723c751e8b465ee728b)
Start importing Assets/Game/Models/mixamo.com.anim using Guid(5c131941094e24128a488f2b53a8b320) Importer(815301076,1909f56bfc062723c751e8b465ee728b)  -> (artifact id: '03cb10ea8c874ff86ec1cb9eeeed4319') in 0.006501 seconds
Number of updated asset objects reloaded before import = 0
Number of asset objects unloaded after import = 1
========================================================================
Received Import Request.
  Time since last request: 7.177972 seconds.
  path: Assets/Game/Models/Great Sword Jump Attack.anim
  artifactKey: Guid(5c131941094e24128a488f2b53a8b320) Importer(815301076,1909f56bfc062723c751e8b465ee728b)
Start importing Assets/Game/Models/Great Sword Jump Attack.anim using Guid(5c131941094e24128a488f2b53a8b320) Importer(815301076,1909f56bfc062723c751e8b465ee728b)  -> (artifact id: '0645777ae06b2c02c52d2efd21174515') in 0.006725 seconds
Number of updated asset objects reloaded before import = 0
Number of asset objects unloaded after import = 1
========================================================================
Received Import Request.
  Time since last request: 5.909094 seconds.
  path: Assets/Game/Models/mixamo.com.anim
  artifactKey: Guid(c01e1ed2e19cc49bfb87c9c579b5adf5) Importer(815301076,1909f56bfc062723c751e8b465ee728b)
Start importing Assets/Game/Models/mixamo.com.anim using Guid(c01e1ed2e19cc49bfb87c9c579b5adf5) Importer(815301076,1909f56bfc062723c751e8b465ee728b)  -> (artifact id: '3fdf696a9d00db07cd1a4fbfbde943f1') in 0.008390 seconds
Number of updated asset objects reloaded before import = 0
Number of asset objects unloaded after import = 1
========================================================================
Received Import Request.
  Time since last request: 9.245728 seconds.
  path: Assets/Game/Models/Great Sword Slash.anim
  artifactKey: Guid(c01e1ed2e19cc49bfb87c9c579b5adf5) Importer(815301076,1909f56bfc062723c751e8b465ee728b)
Start importing Assets/Game/Models/Great Sword Slash.anim using Guid(c01e1ed2e19cc49bfb87c9c579b5adf5) Importer(815301076,1909f56bfc062723c751e8b465ee728b)  -> (artifact id: 'b60155e9a979fcce2ced68d9df171b89') in 0.008770 seconds
Number of updated asset objects reloaded before import = 0
Number of asset objects unloaded after import = 1
========================================================================
Received Import Request.
  Time since last request: 3.411386 seconds.
  path: Assets/Game/Models/mixamo.com.anim
  artifactKey: Guid(2747cd69bb6224965a512cfa71b24ce0) Importer(815301076,1909f56bfc062723c751e8b465ee728b)
Start importing Assets/Game/Models/mixamo.com.anim using Guid(2747cd69bb6224965a512cfa71b24ce0) Importer(815301076,1909f56bfc062723c751e8b465ee728b)  -> (artifact id: 'be9b12abcfcf9a6f7cd6b58b24a7178e') in 0.007495 seconds
Number of updated asset objects reloaded before import = 0
Number of asset objects unloaded after import = 1
========================================================================
Received Import Request.
  Time since last request: 4.215253 seconds.
  path: Assets/Game/Models/mixamo.com 1.anim
  artifactKey: Guid(4ea3ef0286f3242b99508450fcb747f6) Importer(815301076,1909f56bfc062723c751e8b465ee728b)
Start importing Assets/Game/Models/mixamo.com 1.anim using Guid(4ea3ef0286f3242b99508450fcb747f6) Importer(815301076,1909f56bfc062723c751e8b465ee728b)  -> (artifact id: '404e538db532602d11b5f1505597584f') in 0.015018 seconds
Number of updated asset objects reloaded before import = 0
Number of asset objects unloaded after import = 1
========================================================================
Received Import Request.
  Time since last request: 4.927731 seconds.
  path: Assets/Game/Models/mixamo.com 2.anim
  artifactKey: Guid(bf6884e9db988452089c0440c0a99709) Importer(815301076,1909f56bfc062723c751e8b465ee728b)
Start importing Assets/Game/Models/mixamo.com 2.anim using Guid(bf6884e9db988452089c0440c0a99709) Importer(815301076,1909f56bfc062723c751e8b465ee728b)  -> (artifact id: 'c5cca9d13125c8c50e44240a451bbf10') in 0.007981 seconds
Number of updated asset objects reloaded before import = 0
Number of asset objects unloaded after import = 1
========================================================================
Received Import Request.
  Time since last request: 8.359849 seconds.
  path: Assets/Game/Models/Jump Attack.anim
  artifactKey: Guid(2747cd69bb6224965a512cfa71b24ce0) Importer(815301076,1909f56bfc062723c751e8b465ee728b)
Start importing Assets/Game/Models/Jump Attack.anim using Guid(2747cd69bb6224965a512cfa71b24ce0) Importer(815301076,1909f56bfc062723c751e8b465ee728b)  -> (artifact id: 'd862ce3ea030914ba6cee3890e64b8e8') in 0.007946 seconds
Number of updated asset objects reloaded before import = 0
Number of asset objects unloaded after import = 1
========================================================================
Received Import Request.
  Time since last request: 5.430420 seconds.
  path: Assets/Game/Models/Sitting Clap.anim
  artifactKey: Guid(4ea3ef0286f3242b99508450fcb747f6) Importer(815301076,1909f56bfc062723c751e8b465ee728b)
Start importing Assets/Game/Models/Sitting Clap.anim using Guid(4ea3ef0286f3242b99508450fcb747f6) Importer(815301076,1909f56bfc062723c751e8b465ee728b)  -> (artifact id: '9aaf3db878639a4f2ba755e19c6ad9fc') in 0.014718 seconds
Number of updated asset objects reloaded before import = 0
Number of asset objects unloaded after import = 1
========================================================================
Received Import Request.
  Time since last request: 5.399236 seconds.
  path: Assets/Game/Models/Standing Up.anim
  artifactKey: Guid(bf6884e9db988452089c0440c0a99709) Importer(815301076,1909f56bfc062723c751e8b465ee728b)
Start importing Assets/Game/Models/Standing Up.anim using Guid(bf6884e9db988452089c0440c0a99709) Importer(815301076,1909f56bfc062723c751e8b465ee728b)  -> (artifact id: '787bc3d74294085ece53a68b1ddd34cf') in 0.007372 seconds
Number of updated asset objects reloaded before import = 0
Number of asset objects unloaded after import = 1
========================================================================
Received Import Request.
  Time since last request: 16.257962 seconds.
  path: Assets/Game/Animations/Clips
  artifactKey: Guid(3a30cbc8885704f63916560c37b03ace) Importer(815301076,1909f56bfc062723c751e8b465ee728b)
Start importing Assets/Game/Animations/Clips using Guid(3a30cbc8885704f63916560c37b03ace) Importer(815301076,1909f56bfc062723c751e8b465ee728b)  -> (artifact id: 'dde8e4f23e08ac97ba971cc476b4a08a') in 0.000370 seconds
Number of updated asset objects reloaded before import = 0
Number of asset objects unloaded after import = 0
========================================================================
Received Import Request.
  Time since last request: 0.663285 seconds.
  path: Assets/Game/Animations/Clips 1
  artifactKey: Guid(3d1ac95d5eaf7448f9e13b95a0014438) Importer(815301076,1909f56bfc062723c751e8b465ee728b)
Start importing Assets/Game/Animations/Clips 1 using Guid(3d1ac95d5eaf7448f9e13b95a0014438) Importer(815301076,1909f56bfc062723c751e8b465ee728b)  -> (artifact id: '012dd00c6bb435ba990c80f1d1d9b097') in 0.000345 seconds
Number of updated asset objects reloaded before import = 0
Number of asset objects unloaded after import = 0
========================================================================
Received Import Request.
  Time since last request: 4.378653 seconds.
  path: Assets/Game/Animations/Animators
  artifactKey: Guid(3d1ac95d5eaf7448f9e13b95a0014438) Importer(815301076,1909f56bfc062723c751e8b465ee728b)
Start importing Assets/Game/Animations/Animators using Guid(3d1ac95d5eaf7448f9e13b95a0014438) Importer(815301076,1909f56bfc062723c751e8b465ee728b)  -> (artifact id: 'e283886357ff9b6acb892e22b8891f11') in 0.000257 seconds
Number of updated asset objects reloaded before import = 0
Number of asset objects unloaded after import = 0
========================================================================
Received Import Request.
  Time since last request: 278.396167 seconds.
  path: Assets/Game/Animations/Animators/Player.controller
  artifactKey: Guid(96d1cb60d017641e58389ee94ad74bcc) Importer(815301076,1909f56bfc062723c751e8b465ee728b)
Start importing Assets/Game/Animations/Animators/Player.controller using Guid(96d1cb60d017641e58389ee94ad74bcc) Importer(815301076,1909f56bfc062723c751e8b465ee728b)  -> (artifact id: 'fbcc32ecb5c1dda79cc46bd3c6360df2') in 0.077207 seconds
Number of updated asset objects reloaded before import = 0
Number of asset objects unloaded after import = 18
========================================================================
Received Import Request.
  Time since last request: 161.192117 seconds.
  path: Assets/Game/Scripts/Play
  artifactKey: Guid(eff261a989efd437cbb2ca4b9b9b014e) Importer(815301076,1909f56bfc062723c751e8b465ee728b)
Start importing Assets/Game/Scripts/Play using Guid(eff261a989efd437cbb2ca4b9b9b014e) Importer(815301076,1909f56bfc062723c751e8b465ee728b)  -> (artifact id: 'd14b5441e882222b30b684990718010f') in 0.001379 seconds
Number of updated asset objects reloaded before import = 0
Number of asset objects unloaded after import = 0
========================================================================
Received Import Request.
  Time since last request: 0.601455 seconds.
  path: Assets/Game/Scripts/Play 1
  artifactKey: Guid(0c5735eae50094d3883c7f09229a8a29) Importer(815301076,1909f56bfc062723c751e8b465ee728b)
Start importing Assets/Game/Scripts/Play 1 using Guid(0c5735eae50094d3883c7f09229a8a29) Importer(815301076,1909f56bfc062723c751e8b465ee728b)  -> (artifact id: '8a4a10df0488ae40d24fb256855440d7') in 0.000358 seconds
Number of updated asset objects reloaded before import = 0
Number of asset objects unloaded after import = 0
========================================================================
Received Import Request.
  Time since last request: 0.124418 seconds.
  path: Assets/Game/Scripts/Play 2
  artifactKey: Guid(3b77951140e1e466a8ecb9ec490299cd) Importer(815301076,1909f56bfc062723c751e8b465ee728b)
Start importing Assets/Game/Scripts/Play 2 using Guid(3b77951140e1e466a8ecb9ec490299cd) Importer(815301076,1909f56bfc062723c751e8b465ee728b)  -> (artifact id: 'f82267a7377a42cb0b0de2aef46b6053') in 0.000344 seconds
Number of updated asset objects reloaded before import = 0
Number of asset objects unloaded after import = 0
========================================================================
Received Import Request.
  Time since last request: 4.936618 seconds.
  path: Assets/Game/Scripts/Utilities
  artifactKey: Guid(0c5735eae50094d3883c7f09229a8a29) Importer(815301076,1909f56bfc062723c751e8b465ee728b)
Start importing Assets/Game/Scripts/Utilities using Guid(0c5735eae50094d3883c7f09229a8a29) Importer(815301076,1909f56bfc062723c751e8b465ee728b)  -> (artifact id: 'c656697707f0035cabf32ec9c5f56288') in 0.000282 seconds
Number of updated asset objects reloaded before import = 0
Number of asset objects unloaded after import = 0
========================================================================
Received Import Request.
  Time since last request: 4.801766 seconds.
  path: Assets/Game/Scripts/Managers
  artifactKey: Guid(3b77951140e1e466a8ecb9ec490299cd) Importer(815301076,1909f56bfc062723c751e8b465ee728b)
Start importing Assets/Game/Scripts/Managers using Guid(3b77951140e1e466a8ecb9ec490299cd) Importer(815301076,1909f56bfc062723c751e8b465ee728b)  -> (artifact id: '0e1d4a2499e186734f6006e2b3191c3a') in 0.000266 seconds
Number of updated asset objects reloaded before import = 0
Number of asset objects unloaded after import = 0
========================================================================
Received Import Request.
  Time since last request: 11.592674 seconds.
  path: Assets/Game/Scripts/Play/AnimationController.cs
  artifactKey: Guid(95945972d99aa4636a32256e73ac1666) Importer(815301076,1909f56bfc062723c751e8b465ee728b)
Start importing Assets/Game/Scripts/Play/AnimationController.cs using Guid(95945972d99aa4636a32256e73ac1666) Importer(815301076,1909f56bfc062723c751e8b465ee728b)  -> (artifact id: 'f9807864a1e778a87c4cc91decf50038') in 0.000434 seconds
Number of updated asset objects reloaded before import = 0
Number of asset objects unloaded after import = 0
========================================================================
Received Prepare
Begin MonoManager ReloadAssembly
Thread 0x299737000 may have been prematurely finalized
Symbol file LoadedFromMemory doesn't match image /Users/talhatoprak/Desktop/Learn/DesingPatterns/Command/Patterns/Library/PackageCache/com.unity.visualscripting@1.8.0/Editor/VisualScripting.Core/Dependencies/YamlDotNet/Unity.VisualScripting.YamlDotNet.dll
Symbol file LoadedFromMemory doesn't match image /Users/talhatoprak/Desktop/Learn/DesingPatterns/Command/Patterns/Library/PackageCache/com.unity.visualscripting@1.8.0/Editor/VisualScripting.Core/Dependencies/DotNetZip/Unity.VisualScripting.IonicZip.dll
- Loaded All Assemblies, in  0.676 seconds
Refreshing native plugins compatible for Editor in 4.94 ms, found 2 plugins.
Native extension for OSXStandalone target not found
[Package Manager] Server::EnsureServerProcessIsRunning -- launch failed, reason: Unity was launched with the -noUpm command-line argument
[Package Manager] UpmClient::Send -- Unable to send message (not connected to UPM process).
[Package Manager] Cannot connect to Unity Package Manager local server
Diagnostic switches are active and may impact performance or degrade your user experience. Switches can be configured through the Diagnostics section in the Preferences window.
	ProfileOpenCLJobs: False
Mono: successfully reloaded assembly
- Finished resetting the current domain, in  0.940 seconds
Domain Reload Profiling: 1617ms
	BeginReloadAssembly (182ms)
		ExecutionOrderSort (0ms)
		DisableScriptedObjects (3ms)
		BackupInstance (0ms)
		ReleaseScriptingObjects (0ms)
		CreateAndSetChildDomain (96ms)
	RebuildCommonClasses (25ms)
	RebuildNativeTypeToScriptingClass (9ms)
	initialDomainReloadingComplete (20ms)
	LoadAllAssembliesAndSetupDomain (440ms)
		LoadAssemblies (250ms)
		RebuildTransferFunctionScriptingTraits (0ms)
		AnalyzeDomain (237ms)
			TypeCache.Refresh (226ms)
				TypeCache.ScanAssembly (217ms)
			ScanForSourceGeneratedMonoScriptInfo (8ms)
			ResolveRequiredComponents (3ms)
	FinalizeReload (942ms)
		ReleaseScriptCaches (0ms)
		RebuildScriptCaches (0ms)
		SetupLoadedEditorAssemblies (437ms)
			LogAssemblyErrors (0ms)
			InitializePlatformSupportModulesInManaged (3ms)
			SetLoadedEditorAssemblies (2ms)
			RefreshPlugins (0ms)
			BeforeProcessingInitializeOnLoad (34ms)
			ProcessInitializeOnLoadAttributes (249ms)
			ProcessInitializeOnLoadMethodAttributes (147ms)
			AfterProcessingInitializeOnLoad (1ms)
			EditorAssembliesLoaded (0ms)
		ExecutionOrderSort2 (0ms)
		AwakeInstancesAfterBackupRestoration (3ms)
Refreshing native plugins compatible for Editor in 1.32 ms, found 2 plugins.
Preloading 0 native plugins for Editor in 0.00 ms.
Unloading 3075 Unused Serialized files (Serialized files now loaded: 0)
Unloading 33 unused Assets / (31.8 KB). Loaded Objects now: 3649.
Memory consumption went from 148.9 MB to 148.8 MB.
Total: 11.443208 ms (FindLiveObjects: 0.130584 ms CreateObjectMapping: 0.038250 ms MarkObjects: 11.222292 ms  DeleteObjects: 0.051416 ms)

Prepare: number of updated asset objects reloaded= 0
AssetImportParameters requested are different than current active one (requested -> active):
  custom:container-demuxer-ogg: 62fdf1f143b41e24485cea50d1cbac27 -> 
  custom:video-decoder-ogg-theora: a1e56fd34408186e4bbccfd4996cb3dc -> 
  custom:CustomObjectIndexerAttribute: 756ad292c208cfabdd7b50bc23989ffe -> 
  custom:container-demuxer-webm: 4f35f7cbe854078d1ac9338744f61a02 -> 
  custom:container-muxer-webm: aa71ff27fc2769a1b78a27578f13a17b -> 
  custom:video-decoder-webm-vp8: 9c59270c3fd7afecdb556c50c9e8de78 -> 
  custom:AudioImporter_EditorPlatform: 3918e3fc78b5a79bad01e8451be0beb8 -> 
  custom:framework-osx-AVFoundation: e770b220cccbd017edd2c1fefb359320 -> 
  custom:video-encoder-webm-vp8: eb34c28f22e8b96e1ab97ce403110664 -> 
  custom:audio-decoder-ogg-vorbis: bf7c407c2cedff20999df2af8eb42d56 -> 
  custom:audio-encoder-webm-vorbis: bf7c407c2cedff20999df2af8eb42d56 -> 
